{"C:\\Users\\hessm\\OneDrive\\Desktop\\CSCE 3550\\Project 3\\server.js": {"path":"C:\\Users\\hessm\\OneDrive\\Desktop\\CSCE 3550\\Project 3\\server.js","statementMap":{"0":{"start":{"line":4,"column":16},"end":{"line":4,"column":34}},"1":{"start":{"line":5,"column":12},"end":{"line":5,"column":35}},"2":{"start":{"line":6,"column":13},"end":{"line":6,"column":33}},"3":{"start":{"line":7,"column":16},"end":{"line":7,"column":34}},"4":{"start":{"line":8,"column":15},"end":{"line":8,"column":32}},"5":{"start":{"line":9,"column":15},"end":{"line":9,"column":32}},"6":{"start":{"line":12,"column":23},"end":{"line":12,"column":38}},"7":{"start":{"line":14,"column":12},"end":{"line":14,"column":21}},"8":{"start":{"line":15,"column":13},"end":{"line":15,"column":17}},"9":{"start":{"line":17,"column":11},"end":{"line":17,"column":64}},"10":{"start":{"line":26,"column":15},"end":{"line":26,"column":53}},"11":{"start":{"line":29,"column":2},"end":{"line":29,"column":80}},"12":{"start":{"line":30,"column":2},"end":{"line":30,"column":87}},"13":{"start":{"line":35,"column":18},"end":{"line":39,"column":3}},"14":{"start":{"line":40,"column":18},"end":{"line":47,"column":3}},"15":{"start":{"line":49,"column":2},"end":{"line":49,"column":58}},"16":{"start":{"line":53,"column":18},"end":{"line":57,"column":3}},"17":{"start":{"line":58,"column":18},"end":{"line":65,"column":3}},"18":{"start":{"line":66,"column":2},"end":{"line":66,"column":72}},"19":{"start":{"line":72,"column":28},"end":{"line":72,"column":36}},"20":{"start":{"line":75,"column":2},"end":{"line":75,"column":41}},"21":{"start":{"line":80,"column":17},"end":{"line":80,"column":59}},"22":{"start":{"line":81,"column":21},"end":{"line":81,"column":62}},"23":{"start":{"line":82,"column":2},"end":{"line":82,"column":38}},"24":{"start":{"line":83,"column":2},"end":{"line":83,"column":22}},"25":{"start":{"line":88,"column":19},"end":{"line":88,"column":63}},"26":{"start":{"line":89,"column":21},"end":{"line":89,"column":66}},"27":{"start":{"line":90,"column":2},"end":{"line":90,"column":42}},"28":{"start":{"line":91,"column":2},"end":{"line":91,"column":22}},"29":{"start":{"line":96,"column":11},"end":{"line":96,"column":66}},"30":{"start":{"line":97,"column":2},"end":{"line":97,"column":122}},"31":{"start":{"line":98,"column":2},"end":{"line":98,"column":232}},"32":{"start":{"line":99,"column":2},"end":{"line":99,"column":226}},"33":{"start":{"line":102,"column":2},"end":{"line":102,"column":132}},"34":{"start":{"line":103,"column":2},"end":{"line":103,"column":139}},"35":{"start":{"line":106,"column":0},"end":{"line":111,"column":3}},"36":{"start":{"line":107,"column":2},"end":{"line":109,"column":3}},"37":{"start":{"line":108,"column":4},"end":{"line":108,"column":54}},"38":{"start":{"line":110,"column":2},"end":{"line":110,"column":9}},"39":{"start":{"line":114,"column":0},"end":{"line":119,"column":3}},"40":{"start":{"line":115,"column":2},"end":{"line":117,"column":3}},"41":{"start":{"line":116,"column":4},"end":{"line":116,"column":54}},"42":{"start":{"line":118,"column":2},"end":{"line":118,"column":9}},"43":{"start":{"line":121,"column":0},"end":{"line":125,"column":3}},"44":{"start":{"line":122,"column":20},"end":{"line":122,"column":57}},"45":{"start":{"line":122,"column":44},"end":{"line":122,"column":56}},"46":{"start":{"line":123,"column":2},"end":{"line":123,"column":52}},"47":{"start":{"line":124,"column":2},"end":{"line":124,"column":57}},"48":{"start":{"line":124,"column":40},"end":{"line":124,"column":52}},"49":{"start":{"line":127,"column":0},"end":{"line":127,"column":24}},"50":{"start":{"line":128,"column":0},"end":{"line":181,"column":3}},"51":{"start":{"line":129,"column":2},"end":{"line":180,"column":3}},"52":{"start":{"line":130,"column":22},"end":{"line":130,"column":28}},"53":{"start":{"line":131,"column":29},"end":{"line":131,"column":53}},"54":{"start":{"line":132,"column":25},"end":{"line":132,"column":33}},"55":{"start":{"line":133,"column":27},"end":{"line":133,"column":68}},"56":{"start":{"line":136,"column":22},"end":{"line":146,"column":5}},"57":{"start":{"line":137,"column":6},"end":{"line":145,"column":9}},"58":{"start":{"line":138,"column":8},"end":{"line":144,"column":11}},"59":{"start":{"line":139,"column":10},"end":{"line":143,"column":11}},"60":{"start":{"line":140,"column":12},"end":{"line":140,"column":26}},"61":{"start":{"line":142,"column":12},"end":{"line":142,"column":41}},"62":{"start":{"line":148,"column":4},"end":{"line":176,"column":5}},"63":{"start":{"line":149,"column":21},"end":{"line":149,"column":38}},"64":{"start":{"line":151,"column":6},"end":{"line":154,"column":7}},"65":{"start":{"line":152,"column":8},"end":{"line":152,"column":47}},"66":{"start":{"line":153,"column":8},"end":{"line":153,"column":15}},"67":{"start":{"line":156,"column":33},"end":{"line":156,"column":113}},"68":{"start":{"line":157,"column":6},"end":{"line":165,"column":9}},"69":{"start":{"line":158,"column":8},"end":{"line":164,"column":11}},"70":{"start":{"line":159,"column":10},"end":{"line":163,"column":11}},"71":{"start":{"line":160,"column":12},"end":{"line":160,"column":26}},"72":{"start":{"line":162,"column":12},"end":{"line":162,"column":22}},"73":{"start":{"line":167,"column":6},"end":{"line":171,"column":7}},"74":{"start":{"line":168,"column":8},"end":{"line":168,"column":31}},"75":{"start":{"line":170,"column":8},"end":{"line":170,"column":24}},"76":{"start":{"line":174,"column":6},"end":{"line":174,"column":59}},"77":{"start":{"line":175,"column":6},"end":{"line":175,"column":52}},"78":{"start":{"line":178,"column":4},"end":{"line":178,"column":57}},"79":{"start":{"line":179,"column":4},"end":{"line":179,"column":50}},"80":{"start":{"line":183,"column":0},"end":{"line":183,"column":24}},"81":{"start":{"line":184,"column":0},"end":{"line":214,"column":3}},"82":{"start":{"line":185,"column":2},"end":{"line":213,"column":3}},"83":{"start":{"line":186,"column":32},"end":{"line":186,"column":40}},"84":{"start":{"line":187,"column":30},"end":{"line":187,"column":54}},"85":{"start":{"line":189,"column":4},"end":{"line":209,"column":5}},"86":{"start":{"line":190,"column":29},"end":{"line":190,"column":74}},"87":{"start":{"line":191,"column":30},"end":{"line":191,"column":98}},"88":{"start":{"line":192,"column":6},"end":{"line":205,"column":9}},"89":{"start":{"line":193,"column":8},"end":{"line":204,"column":11}},"90":{"start":{"line":194,"column":10},"end":{"line":203,"column":11}},"91":{"start":{"line":195,"column":12},"end":{"line":199,"column":13}},"92":{"start":{"line":196,"column":14},"end":{"line":196,"column":74}},"93":{"start":{"line":198,"column":14},"end":{"line":198,"column":28}},"94":{"start":{"line":201,"column":12},"end":{"line":201,"column":75}},"95":{"start":{"line":202,"column":12},"end":{"line":202,"column":22}},"96":{"start":{"line":207,"column":6},"end":{"line":207,"column":82}},"97":{"start":{"line":208,"column":6},"end":{"line":208,"column":52}},"98":{"start":{"line":211,"column":4},"end":{"line":211,"column":60}},"99":{"start":{"line":212,"column":4},"end":{"line":212,"column":50}},"100":{"start":{"line":216,"column":0},"end":{"line":224,"column":3}},"101":{"start":{"line":217,"column":2},"end":{"line":217,"column":17}},"102":{"start":{"line":218,"column":2},"end":{"line":218,"column":22}},"103":{"start":{"line":219,"column":13},"end":{"line":219,"column":68}},"104":{"start":{"line":220,"column":2},"end":{"line":220,"column":12}},"105":{"start":{"line":221,"column":2},"end":{"line":223,"column":5}},"106":{"start":{"line":226,"column":0},"end":{"line":226,"column":21}}},"fnMap":{"0":{"name":"generateKeyPairs","decl":{"start":{"line":28,"column":15},"end":{"line":28,"column":31}},"loc":{"start":{"line":28,"column":34},"end":{"line":31,"column":1}},"line":28},"1":{"name":"generateToken","decl":{"start":{"line":34,"column":9},"end":{"line":34,"column":22}},"loc":{"start":{"line":34,"column":25},"end":{"line":50,"column":1}},"line":34},"2":{"name":"generateExpiredJWT","decl":{"start":{"line":52,"column":9},"end":{"line":52,"column":27}},"loc":{"start":{"line":52,"column":30},"end":{"line":67,"column":1}},"line":52},"3":{"name":"generateSecurePassword","decl":{"start":{"line":70,"column":9},"end":{"line":70,"column":31}},"loc":{"start":{"line":70,"column":34},"end":{"line":76,"column":1}},"line":70},"4":{"name":"encryptPrivateKey","decl":{"start":{"line":79,"column":9},"end":{"line":79,"column":26}},"loc":{"start":{"line":79,"column":39},"end":{"line":84,"column":1}},"line":79},"5":{"name":"decryptPrivateKey","decl":{"start":{"line":87,"column":9},"end":{"line":87,"column":26}},"loc":{"start":{"line":87,"column":41},"end":{"line":92,"column":1}},"line":87},"6":{"name":"Database","decl":{"start":{"line":95,"column":9},"end":{"line":95,"column":17}},"loc":{"start":{"line":95,"column":20},"end":{"line":104,"column":1}},"line":95},"7":{"name":"(anonymous_7)","decl":{"start":{"line":106,"column":17},"end":{"line":106,"column":18}},"loc":{"start":{"line":106,"column":37},"end":{"line":111,"column":1}},"line":106},"8":{"name":"(anonymous_8)","decl":{"start":{"line":114,"column":34},"end":{"line":114,"column":35}},"loc":{"start":{"line":114,"column":54},"end":{"line":119,"column":1}},"line":114},"9":{"name":"(anonymous_9)","decl":{"start":{"line":121,"column":34},"end":{"line":121,"column":35}},"loc":{"start":{"line":121,"column":48},"end":{"line":125,"column":1}},"line":121},"10":{"name":"(anonymous_10)","decl":{"start":{"line":122,"column":37},"end":{"line":122,"column":38}},"loc":{"start":{"line":122,"column":44},"end":{"line":122,"column":56}},"line":122},"11":{"name":"(anonymous_11)","decl":{"start":{"line":124,"column":33},"end":{"line":124,"column":34}},"loc":{"start":{"line":124,"column":40},"end":{"line":124,"column":52}},"line":124},"12":{"name":"(anonymous_12)","decl":{"start":{"line":128,"column":18},"end":{"line":128,"column":19}},"loc":{"start":{"line":128,"column":38},"end":{"line":181,"column":1}},"line":128},"13":{"name":"(anonymous_13)","decl":{"start":{"line":136,"column":22},"end":{"line":136,"column":23}},"loc":{"start":{"line":136,"column":34},"end":{"line":146,"column":5}},"line":136},"14":{"name":"(anonymous_14)","decl":{"start":{"line":137,"column":25},"end":{"line":137,"column":26}},"loc":{"start":{"line":137,"column":46},"end":{"line":145,"column":7}},"line":137},"15":{"name":"(anonymous_15)","decl":{"start":{"line":138,"column":43},"end":{"line":138,"column":44}},"loc":{"start":{"line":138,"column":59},"end":{"line":144,"column":9}},"line":138},"16":{"name":"(anonymous_16)","decl":{"start":{"line":157,"column":24},"end":{"line":157,"column":25}},"loc":{"start":{"line":157,"column":45},"end":{"line":165,"column":7}},"line":157},"17":{"name":"(anonymous_17)","decl":{"start":{"line":158,"column":74},"end":{"line":158,"column":75}},"loc":{"start":{"line":158,"column":85},"end":{"line":164,"column":9}},"line":158},"18":{"name":"(anonymous_18)","decl":{"start":{"line":184,"column":22},"end":{"line":184,"column":23}},"loc":{"start":{"line":184,"column":42},"end":{"line":214,"column":1}},"line":184},"19":{"name":"(anonymous_19)","decl":{"start":{"line":192,"column":24},"end":{"line":192,"column":25}},"loc":{"start":{"line":192,"column":45},"end":{"line":205,"column":7}},"line":192},"20":{"name":"(anonymous_20)","decl":{"start":{"line":193,"column":67},"end":{"line":193,"column":68}},"loc":{"start":{"line":193,"column":78},"end":{"line":204,"column":9}},"line":193},"21":{"name":"(anonymous_21)","decl":{"start":{"line":216,"column":24},"end":{"line":216,"column":25}},"loc":{"start":{"line":216,"column":30},"end":{"line":224,"column":1}},"line":216},"22":{"name":"(anonymous_22)","decl":{"start":{"line":221,"column":19},"end":{"line":221,"column":20}},"loc":{"start":{"line":221,"column":25},"end":{"line":223,"column":3}},"line":221}},"branchMap":{"0":{"loc":{"start":{"line":26,"column":15},"end":{"line":26,"column":53}},"type":"binary-expr","locations":[{"start":{"line":26,"column":15},"end":{"line":26,"column":37}},{"start":{"line":26,"column":41},"end":{"line":26,"column":53}}],"line":26},"1":{"loc":{"start":{"line":107,"column":2},"end":{"line":109,"column":3}},"type":"if","locations":[{"start":{"line":107,"column":2},"end":{"line":109,"column":3}},{"start":{},"end":{}}],"line":107},"2":{"loc":{"start":{"line":115,"column":2},"end":{"line":117,"column":3}},"type":"if","locations":[{"start":{"line":115,"column":2},"end":{"line":117,"column":3}},{"start":{},"end":{}}],"line":115},"3":{"loc":{"start":{"line":139,"column":10},"end":{"line":143,"column":11}},"type":"if","locations":[{"start":{"line":139,"column":10},"end":{"line":143,"column":11}},{"start":{"line":141,"column":17},"end":{"line":143,"column":11}}],"line":139},"4":{"loc":{"start":{"line":142,"column":20},"end":{"line":142,"column":39}},"type":"cond-expr","locations":[{"start":{"line":142,"column":26},"end":{"line":142,"column":32}},{"start":{"line":142,"column":35},"end":{"line":142,"column":39}}],"line":142},"5":{"loc":{"start":{"line":151,"column":6},"end":{"line":154,"column":7}},"type":"if","locations":[{"start":{"line":151,"column":6},"end":{"line":154,"column":7}},{"start":{},"end":{}}],"line":151},"6":{"loc":{"start":{"line":159,"column":10},"end":{"line":163,"column":11}},"type":"if","locations":[{"start":{"line":159,"column":10},"end":{"line":163,"column":11}},{"start":{"line":161,"column":17},"end":{"line":163,"column":11}}],"line":159},"7":{"loc":{"start":{"line":167,"column":6},"end":{"line":171,"column":7}},"type":"if","locations":[{"start":{"line":167,"column":6},"end":{"line":171,"column":7}},{"start":{"line":169,"column":13},"end":{"line":171,"column":7}}],"line":167},"8":{"loc":{"start":{"line":194,"column":10},"end":{"line":203,"column":11}},"type":"if","locations":[{"start":{"line":194,"column":10},"end":{"line":203,"column":11}},{"start":{"line":200,"column":17},"end":{"line":203,"column":11}}],"line":194},"9":{"loc":{"start":{"line":195,"column":12},"end":{"line":199,"column":13}},"type":"if","locations":[{"start":{"line":195,"column":12},"end":{"line":199,"column":13}},{"start":{"line":197,"column":19},"end":{"line":199,"column":13}}],"line":195}},"s":{"0":1,"1":1,"2":1,"3":1,"4":1,"5":1,"6":1,"7":1,"8":1,"9":1,"10":1,"11":1,"12":1,"13":1,"14":1,"15":1,"16":1,"17":1,"18":1,"19":0,"20":0,"21":2,"22":2,"23":2,"24":2,"25":0,"26":0,"27":0,"28":0,"29":1,"30":1,"31":1,"32":1,"33":1,"34":1,"35":1,"36":3,"37":1,"38":2,"39":1,"40":2,"41":1,"42":1,"43":1,"44":1,"45":1,"46":1,"47":1,"48":1,"49":1,"50":1,"51":2,"52":2,"53":2,"54":2,"55":2,"56":2,"57":2,"58":2,"59":2,"60":0,"61":2,"62":2,"63":2,"64":2,"65":2,"66":2,"67":0,"68":0,"69":0,"70":0,"71":0,"72":0,"73":0,"74":0,"75":0,"76":0,"77":0,"78":0,"79":0,"80":1,"81":1,"82":0,"83":0,"84":0,"85":0,"86":0,"87":0,"88":0,"89":0,"90":0,"91":0,"92":0,"93":0,"94":0,"95":0,"96":0,"97":0,"98":0,"99":0,"100":1,"101":1,"102":1,"103":1,"104":1,"105":1,"106":1},"f":{"0":1,"1":1,"2":1,"3":0,"4":2,"5":0,"6":1,"7":3,"8":2,"9":1,"10":1,"11":1,"12":2,"13":2,"14":2,"15":2,"16":0,"17":0,"18":0,"19":0,"20":0,"21":1,"22":0},"b":{"0":[1,1],"1":[1,2],"2":[1,1],"3":[0,2],"4":[0,2],"5":[2,0],"6":[0,0],"7":[0,0],"8":[0,0],"9":[0,0]},"_coverageSchema":"1a1c01bbd47fc00a2c39e90264f33305004495a9","hash":"642d868225cf905ddfe9572f5a1ff1589d0430e0"}
}
