TN:
SF:server.js
FN:28,generateKeyPairs
FN:34,generateToken
FN:52,generateExpiredJWT
FN:70,generateSecurePassword
FN:79,encryptPrivateKey
FN:87,decryptPrivateKey
FN:95,Database
FN:106,(anonymous_7)
FN:114,(anonymous_8)
FN:121,(anonymous_9)
FN:122,(anonymous_10)
FN:124,(anonymous_11)
FN:128,(anonymous_12)
FN:136,(anonymous_13)
FN:137,(anonymous_14)
FN:138,(anonymous_15)
FN:157,(anonymous_16)
FN:158,(anonymous_17)
FN:184,(anonymous_18)
FN:192,(anonymous_19)
FN:193,(anonymous_20)
FN:216,(anonymous_21)
FN:221,(anonymous_22)
FNF:23
FNH:15
FNDA:1,generateKeyPairs
FNDA:1,generateToken
FNDA:1,generateExpiredJWT
FNDA:0,generateSecurePassword
FNDA:2,encryptPrivateKey
FNDA:0,decryptPrivateKey
FNDA:1,Database
FNDA:3,(anonymous_7)
FNDA:2,(anonymous_8)
FNDA:1,(anonymous_9)
FNDA:1,(anonymous_10)
FNDA:1,(anonymous_11)
FNDA:2,(anonymous_12)
FNDA:2,(anonymous_13)
FNDA:2,(anonymous_14)
FNDA:2,(anonymous_15)
FNDA:0,(anonymous_16)
FNDA:0,(anonymous_17)
FNDA:0,(anonymous_18)
FNDA:0,(anonymous_19)
FNDA:0,(anonymous_20)
FNDA:1,(anonymous_21)
FNDA:0,(anonymous_22)
DA:4,1
DA:5,1
DA:6,1
DA:7,1
DA:8,1
DA:9,1
DA:12,1
DA:14,1
DA:15,1
DA:17,1
DA:26,1
DA:29,1
DA:30,1
DA:35,1
DA:40,1
DA:49,1
DA:53,1
DA:58,1
DA:66,1
DA:72,0
DA:75,0
DA:80,2
DA:81,2
DA:82,2
DA:83,2
DA:88,0
DA:89,0
DA:90,0
DA:91,0
DA:96,1
DA:97,1
DA:98,1
DA:99,1
DA:102,1
DA:103,1
DA:106,1
DA:107,3
DA:108,1
DA:110,2
DA:114,1
DA:115,2
DA:116,1
DA:118,1
DA:121,1
DA:122,1
DA:123,1
DA:124,1
DA:127,1
DA:128,1
DA:129,2
DA:130,2
DA:131,2
DA:132,2
DA:133,2
DA:136,2
DA:137,2
DA:138,2
DA:139,2
DA:140,0
DA:142,2
DA:148,2
DA:149,2
DA:151,2
DA:152,2
DA:153,2
DA:156,0
DA:157,0
DA:158,0
DA:159,0
DA:160,0
DA:162,0
DA:167,0
DA:168,0
DA:170,0
DA:174,0
DA:175,0
DA:178,0
DA:179,0
DA:183,1
DA:184,1
DA:185,0
DA:186,0
DA:187,0
DA:189,0
DA:190,0
DA:191,0
DA:192,0
DA:193,0
DA:194,0
DA:195,0
DA:196,0
DA:198,0
DA:201,0
DA:202,0
DA:207,0
DA:208,0
DA:211,0
DA:212,0
DA:216,1
DA:217,1
DA:218,1
DA:219,1
DA:220,1
DA:221,1
DA:226,1
LF:105
LH:67
BRDA:26,0,0,1
BRDA:26,0,1,1
BRDA:107,1,0,1
BRDA:107,1,1,2
BRDA:115,2,0,1
BRDA:115,2,1,1
BRDA:139,3,0,0
BRDA:139,3,1,2
BRDA:142,4,0,0
BRDA:142,4,1,2
BRDA:151,5,0,2
BRDA:151,5,1,0
BRDA:159,6,0,0
BRDA:159,6,1,0
BRDA:167,7,0,0
BRDA:167,7,1,0
BRDA:194,8,0,0
BRDA:194,8,1,0
BRDA:195,9,0,0
BRDA:195,9,1,0
BRF:20
BRH:9
end_of_record
